2026-03-25 16:02:37,838 - timing_logger - INFO - Function 'read_stru' in 'output_hs_data' executed in 0.158207 seconds
2026-03-25 16:03:26,192 - timing_logger - INFO - Function 'get_hs_data' in 'output_hs_data' executed in 48.353832 seconds
2026-03-25 16:03:26,195 - timing_logger - INFO - Function 'read_stru' in 'add_element' executed in 0.002023 seconds
2026-03-25 16:03:26,196 - timing_logger - INFO - Function 'read_stru' in 'add_element' executed in 0.001122 seconds
2026-03-25 16:03:46,495 - timing_logger - INFO - Function 'read_file' in 'add_element' executed in 20.299066 seconds
2026-03-25 16:04:17,211 - timing_logger - INFO - Function 'read_file' in 'add_element' executed in 30.714603 seconds
2026-03-25 16:04:46,329 - timing_logger - INFO - Function 'add_matrxi_element' in 'add_element' executed in 80.133869 seconds
2026-03-25 16:04:47,428 - timing_logger - INFO - Function 'generate_kline' in 'plot_band' executed in 1.098663 seconds
2026-03-25 16:05:55,576 - timing_logger - INFO - Function 'cal_band' in 'plot_band' executed in 69.246250 seconds
2026-03-25 16:05:58,466 - timing_logger - INFO - Function 'read_stru' in 'output_hs_data' executed in 0.234949 seconds
2026-03-25 16:06:48,150 - timing_logger - INFO - Function 'get_hs_data' in 'output_hs_data' executed in 49.683565 seconds
2026-03-25 16:06:48,176 - timing_logger - INFO - Function 'read_stru' in 'add_element' executed in 0.025895 seconds
2026-03-25 16:06:48,177 - timing_logger - INFO - Function 'read_stru' in 'add_element' executed in 0.001123 seconds
2026-03-25 16:07:08,912 - timing_logger - INFO - Function 'read_file' in 'add_element' executed in 20.734259 seconds
2026-03-25 16:07:43,020 - timing_logger - INFO - Function 'read_file' in 'add_element' executed in 34.107566 seconds
2026-03-25 16:08:12,743 - timing_logger - INFO - Function 'add_matrxi_element' in 'add_element' executed in 84.566951 seconds
2026-03-25 16:08:13,028 - timing_logger - INFO - Function 'generate_kline' in 'plot_band' executed in 0.284940 seconds
2026-03-25 16:09:22,569 - timing_logger - INFO - Function 'cal_band' in 'plot_band' executed in 69.825761 seconds
2026-05-10 11:02:50,750 - timing_logger - INFO - Function 'read_stru' in 'output_hs_data' executed in 0.193429 seconds
2026-05-10 11:03:19,415 - timing_logger - INFO - Function 'get_hs_data' in 'output_hs_data' executed in 28.638033 seconds
2026-05-10 11:03:19,420 - timing_logger - INFO - Function 'read_stru' in 'add_element' executed in 0.004335 seconds
2026-05-10 11:03:19,422 - timing_logger - INFO - Function 'read_stru' in 'add_element' executed in 0.001643 seconds
2026-05-10 11:06:33,059 - timing_logger - INFO - Function 'read_stru' in 'output_hs_data' executed in 0.159098 seconds
2026-05-10 11:06:47,274 - timing_logger - INFO - Function 'get_hs_data' in 'output_hs_data' executed in 14.213649 seconds
2026-05-10 11:06:47,279 - timing_logger - INFO - Function 'read_stru' in 'add_element' executed in 0.004611 seconds
2026-05-10 11:06:47,280 - timing_logger - INFO - Function 'read_stru' in 'add_element' executed in 0.001017 seconds
2026-05-10 11:10:28,205 - timing_logger - INFO - Function 'read_stru' in 'output_hs_data' executed in 0.058096 seconds
2026-05-10 11:10:56,137 - timing_logger - INFO - Function 'get_hs_data' in 'output_hs_data' executed in 27.930333 seconds
2026-05-10 11:10:56,149 - timing_logger - INFO - Function 'read_stru' in 'add_element' executed in 0.008159 seconds
2026-05-10 11:10:56,156 - timing_logger - INFO - Function 'read_stru' in 'add_element' executed in 0.006232 seconds
2026-05-10 11:13:29,813 - timing_logger - INFO - Function 'read_stru' in 'output_hs_data' executed in 0.134908 seconds
2026-05-10 11:13:57,601 - timing_logger - INFO - Function 'get_hs_data' in 'output_hs_data' executed in 27.786103 seconds
2026-05-10 11:13:57,677 - timing_logger - INFO - Function 'read_stru' in 'add_element' executed in 0.071681 seconds
2026-05-10 11:13:57,684 - timing_logger - INFO - Function 'read_stru' in 'add_element' executed in 0.006254 seconds
2026-05-10 11:14:46,098 - timing_logger - INFO - Function 'read_stru' in 'output_hs_data' executed in 0.009171 seconds
2026-05-10 11:15:12,770 - timing_logger - INFO - Function 'get_hs_data' in 'output_hs_data' executed in 26.672238 seconds
2026-05-10 11:15:12,773 - timing_logger - INFO - Function 'read_stru' in 'add_element' executed in 0.002802 seconds
2026-05-10 11:15:12,775 - timing_logger - INFO - Function 'read_stru' in 'add_element' executed in 0.001423 seconds
2026-05-10 11:17:16,385 - timing_logger - INFO - Function 'read_stru' in 'output_hs_data' executed in 0.012185 seconds
2026-05-10 11:17:43,000 - timing_logger - INFO - Function 'get_hs_data' in 'output_hs_data' executed in 26.613854 seconds
2026-05-10 11:17:43,002 - timing_logger - INFO - Function 'read_stru' in 'add_element' executed in 0.002405 seconds
2026-05-10 11:17:43,004 - timing_logger - INFO - Function 'read_stru' in 'add_element' executed in 0.001439 seconds
2026-05-10 11:26:13,205 - timing_logger - INFO - Function 'read_stru' in 'output_hs_data' executed in 0.028008 seconds
2026-05-10 11:26:39,793 - timing_logger - INFO - Function 'get_hs_data' in 'output_hs_data' executed in 26.574978 seconds
2026-05-10 11:26:39,797 - timing_logger - INFO - Function 'read_stru' in 'add_element' executed in 0.002994 seconds
2026-05-10 11:26:39,800 - timing_logger - INFO - Function 'read_stru' in 'add_element' executed in 0.002807 seconds
2026-05-10 11:30:15,128 - timing_logger - INFO - Function 'read_stru' in 'output_hs_data' executed in 0.010693 seconds
2026-05-10 11:30:41,893 - timing_logger - INFO - Function 'get_hs_data' in 'output_hs_data' executed in 26.747913 seconds
2026-05-10 11:30:41,896 - timing_logger - INFO - Function 'read_stru' in 'add_element' executed in 0.002548 seconds
2026-05-10 11:30:41,899 - timing_logger - INFO - Function 'read_stru' in 'add_element' executed in 0.002181 seconds
2026-05-10 11:30:49,169 - timing_logger - INFO - Function 'read_file' in 'add_element' executed in 7.269899 seconds
2026-05-10 11:30:58,281 - timing_logger - INFO - Function 'read_file' in 'add_element' executed in 9.111286 seconds
2026-05-10 11:31:10,063 - timing_logger - INFO - Function 'add_matrxi_element' in 'add_element' executed in 28.166361 seconds
2026-05-10 11:31:13,455 - timing_logger - INFO - Function 'generate_kline' in 'plot_band' executed in 3.391745 seconds
2026-05-10 11:35:01,877 - timing_logger - INFO - Function 'cal_band' in 'plot_band' executed in 231.813235 seconds
2026-05-10 11:35:03,476 - timing_logger - INFO - Function 'read_stru' in 'output_hs_data' executed in 0.628645 seconds
2026-05-10 11:37:41,890 - timing_logger - INFO - Function 'read_stru' in 'output_hs_data' executed in 0.010666 seconds
2026-05-10 11:38:22,433 - timing_logger - INFO - Function 'get_hs_data' in 'output_hs_data' executed in 40.539902 seconds
2026-05-10 11:38:22,457 - timing_logger - INFO - Function 'read_stru' in 'add_element' executed in 0.018172 seconds
2026-05-10 11:38:22,460 - timing_logger - INFO - Function 'read_stru' in 'add_element' executed in 0.002204 seconds
2026-05-10 11:38:29,880 - timing_logger - INFO - Function 'read_file' in 'add_element' executed in 7.419787 seconds
2026-05-10 11:38:39,326 - timing_logger - INFO - Function 'read_file' in 'add_element' executed in 9.445404 seconds
2026-05-10 11:38:51,339 - timing_logger - INFO - Function 'add_matrxi_element' in 'add_element' executed in 28.881621 seconds
2026-05-10 11:38:51,821 - timing_logger - INFO - Function 'generate_kline' in 'plot_band' executed in 0.481777 seconds
2026-05-10 12:37:01,349 - timing_logger - INFO - Function 'read_stru' in 'output_hs_data' executed in 0.063188 seconds
2026-05-10 12:40:15,540 - timing_logger - INFO - Function 'read_stru' in 'output_hs_data' executed in 0.102817 seconds
2026-05-10 12:41:00,176 - timing_logger - INFO - Function 'read_stru' in 'output_hs_data' executed in 0.110939 seconds
2026-05-10 12:41:28,390 - timing_logger - INFO - Function 'get_hs_data' in 'output_hs_data' executed in 28.212965 seconds
2026-05-10 12:41:28,696 - timing_logger - INFO - Function 'read_stru' in 'add_element' executed in 0.305171 seconds
2026-05-10 12:41:28,697 - timing_logger - INFO - Function 'read_stru' in 'add_element' executed in 0.001750 seconds
2026-05-10 12:41:36,026 - timing_logger - INFO - Function 'read_file' in 'add_element' executed in 7.327967 seconds
2026-05-10 12:41:46,035 - timing_logger - INFO - Function 'read_file' in 'add_element' executed in 10.008604 seconds
2026-05-10 12:41:57,996 - timing_logger - INFO - Function 'add_matrxi_element' in 'add_element' executed in 29.300153 seconds
2026-05-10 12:41:58,600 - timing_logger - INFO - Function 'generate_kline' in 'plot_band' executed in 0.603722 seconds
2026-05-10 12:45:45,208 - timing_logger - INFO - Function 'cal_band' in 'plot_band' executed in 227.211414 seconds
2026-05-10 12:45:46,329 - timing_logger - INFO - Function 'read_stru' in 'output_hs_data' executed in 0.382996 seconds
2026-05-10 12:46:12,923 - timing_logger - INFO - Function 'get_hs_data' in 'output_hs_data' executed in 26.593547 seconds
2026-05-10 12:46:12,926 - timing_logger - INFO - Function 'read_stru' in 'add_element' executed in 0.002955 seconds
2026-05-10 12:46:12,934 - timing_logger - INFO - Function 'read_stru' in 'add_element' executed in 0.007273 seconds
2026-05-10 12:46:20,162 - timing_logger - INFO - Function 'read_file' in 'add_element' executed in 7.227972 seconds
2026-05-10 12:46:29,683 - timing_logger - INFO - Function 'read_file' in 'add_element' executed in 9.520993 seconds
2026-05-10 12:46:41,656 - timing_logger - INFO - Function 'add_matrxi_element' in 'add_element' executed in 28.729167 seconds
2026-05-10 12:46:41,692 - timing_logger - INFO - Function 'generate_kline' in 'plot_band' executed in 0.035365 seconds
2026-05-10 12:50:28,711 - timing_logger - INFO - Function 'cal_band' in 'plot_band' executed in 227.054751 seconds
2026-05-10 13:18:45,407 - timing_logger - INFO - Function 'read_stru' in 'output_hs_data' executed in 0.061427 seconds
2026-05-10 13:19:13,623 - timing_logger - INFO - Function 'get_hs_data' in 'output_hs_data' executed in 28.172318 seconds
2026-05-10 13:19:13,631 - timing_logger - INFO - Function 'read_stru' in 'add_element' executed in 0.006115 seconds
2026-05-10 13:19:13,633 - timing_logger - INFO - Function 'read_stru' in 'add_element' executed in 0.001627 seconds
2026-05-10 13:19:20,783 - timing_logger - INFO - Function 'read_file' in 'add_element' executed in 7.150021 seconds
2026-05-10 13:19:30,028 - timing_logger - INFO - Function 'read_file' in 'add_element' executed in 9.244179 seconds
2026-05-10 13:19:41,892 - timing_logger - INFO - Function 'add_matrxi_element' in 'add_element' executed in 28.260923 seconds
2026-05-10 13:19:42,447 - timing_logger - INFO - Function 'generate_kline' in 'plot_band' executed in 0.554220 seconds
2026-05-10 13:23:28,379 - timing_logger - INFO - Function 'cal_band' in 'plot_band' executed in 226.486248 seconds
2026-05-10 13:23:28,680 - timing_logger - INFO - Function 'read_stru' in 'output_hs_data' executed in 0.005976 seconds
2026-05-10 13:23:55,018 - timing_logger - INFO - Function 'get_hs_data' in 'output_hs_data' executed in 26.338446 seconds
2026-05-10 13:23:55,022 - timing_logger - INFO - Function 'read_stru' in 'add_element' executed in 0.002827 seconds
2026-05-10 13:23:55,023 - timing_logger - INFO - Function 'read_stru' in 'add_element' executed in 0.001438 seconds
2026-05-10 13:24:02,167 - timing_logger - INFO - Function 'read_file' in 'add_element' executed in 7.144148 seconds
2026-05-10 13:24:11,524 - timing_logger - INFO - Function 'read_file' in 'add_element' executed in 9.356109 seconds
2026-05-10 13:24:23,237 - timing_logger - INFO - Function 'add_matrxi_element' in 'add_element' executed in 28.215268 seconds
2026-05-10 13:24:23,250 - timing_logger - INFO - Function 'generate_kline' in 'plot_band' executed in 0.012077 seconds
2026-05-10 13:28:10,020 - timing_logger - INFO - Function 'cal_band' in 'plot_band' executed in 226.782268 seconds
2026-05-10 13:30:40,980 - timing_logger - INFO - Function 'read_stru' in 'output_hs_data' executed in 0.008130 seconds
2026-05-10 13:31:07,410 - timing_logger - INFO - Function 'get_hs_data' in 'output_hs_data' executed in 26.427192 seconds
2026-05-10 13:31:07,432 - timing_logger - INFO - Function 'read_stru' in 'add_element' executed in 0.015520 seconds
2026-05-10 13:31:07,434 - timing_logger - INFO - Function 'read_stru' in 'add_element' executed in 0.001715 seconds
2026-05-10 13:31:14,749 - timing_logger - INFO - Function 'read_file' in 'add_element' executed in 7.314919 seconds
2026-05-10 13:31:23,650 - timing_logger - INFO - Function 'read_file' in 'add_element' executed in 8.900074 seconds
2026-05-10 13:31:35,567 - timing_logger - INFO - Function 'add_matrxi_element' in 'add_element' executed in 28.135421 seconds
2026-05-10 13:31:36,106 - timing_logger - INFO - Function 'generate_kline' in 'plot_band' executed in 0.537899 seconds
2026-05-10 13:35:18,954 - timing_logger - INFO - Function 'cal_band' in 'plot_band' executed in 223.386304 seconds
2026-05-10 13:35:19,293 - timing_logger - INFO - Function 'read_stru' in 'output_hs_data' executed in 0.007940 seconds
2026-05-10 13:35:45,759 - timing_logger - INFO - Function 'get_hs_data' in 'output_hs_data' executed in 26.465826 seconds
2026-05-10 13:35:45,762 - timing_logger - INFO - Function 'read_stru' in 'add_element' executed in 0.002657 seconds
2026-05-10 13:35:45,764 - timing_logger - INFO - Function 'read_stru' in 'add_element' executed in 0.001487 seconds
2026-05-10 13:35:53,145 - timing_logger - INFO - Function 'read_file' in 'add_element' executed in 7.380385 seconds
2026-05-10 13:36:02,007 - timing_logger - INFO - Function 'read_file' in 'add_element' executed in 8.862426 seconds
2026-05-10 13:36:14,017 - timing_logger - INFO - Function 'add_matrxi_element' in 'add_element' executed in 28.254032 seconds
2026-05-10 13:36:14,067 - timing_logger - INFO - Function 'generate_kline' in 'plot_band' executed in 0.049668 seconds
2026-05-10 13:39:59,013 - timing_logger - INFO - Function 'cal_band' in 'plot_band' executed in 224.995704 seconds
2026-05-10 13:44:20,050 - timing_logger - INFO - Function 'read_stru' in 'output_hs_data' executed in 0.006996 seconds
2026-05-10 13:44:47,641 - timing_logger - INFO - Function 'get_hs_data' in 'output_hs_data' executed in 27.590226 seconds
2026-05-10 13:44:47,643 - timing_logger - INFO - Function 'read_stru' in 'add_element' executed in 0.002347 seconds
2026-05-10 13:44:47,645 - timing_logger - INFO - Function 'read_stru' in 'add_element' executed in 0.001430 seconds
2026-05-10 13:44:54,860 - timing_logger - INFO - Function 'read_file' in 'add_element' executed in 7.215063 seconds
2026-05-10 13:45:03,512 - timing_logger - INFO - Function 'read_file' in 'add_element' executed in 8.651005 seconds
2026-05-10 13:45:15,267 - timing_logger - INFO - Function 'add_matrxi_element' in 'add_element' executed in 27.623472 seconds
2026-05-10 13:45:15,819 - timing_logger - INFO - Function 'generate_kline' in 'plot_band' executed in 0.551098 seconds
2026-05-10 13:48:58,595 - timing_logger - INFO - Function 'cal_band' in 'plot_band' executed in 223.327836 seconds
2026-05-10 13:48:59,856 - timing_logger - INFO - Function 'read_stru' in 'output_hs_data' executed in 0.744271 seconds
2026-05-10 13:49:27,993 - timing_logger - INFO - Function 'get_hs_data' in 'output_hs_data' executed in 28.136221 seconds
2026-05-10 13:49:27,996 - timing_logger - INFO - Function 'read_stru' in 'add_element' executed in 0.002582 seconds
2026-05-10 13:49:27,997 - timing_logger - INFO - Function 'read_stru' in 'add_element' executed in 0.001453 seconds
2026-05-10 13:49:35,117 - timing_logger - INFO - Function 'read_file' in 'add_element' executed in 7.119659 seconds
2026-05-10 13:49:44,843 - timing_logger - INFO - Function 'read_file' in 'add_element' executed in 9.725539 seconds
2026-05-10 13:49:56,499 - timing_logger - INFO - Function 'add_matrxi_element' in 'add_element' executed in 28.503117 seconds
2026-05-10 13:49:56,510 - timing_logger - INFO - Function 'generate_kline' in 'plot_band' executed in 0.011032 seconds
2026-05-10 13:53:41,453 - timing_logger - INFO - Function 'cal_band' in 'plot_band' executed in 224.953947 seconds
2026-05-10 14:06:53,650 - timing_logger - INFO - Function 'read_stru' in 'output_hs_data' executed in 0.009403 seconds
2026-05-10 14:07:22,195 - timing_logger - INFO - Function 'get_hs_data' in 'output_hs_data' executed in 28.541789 seconds
2026-05-10 14:07:22,223 - timing_logger - INFO - Function 'read_stru' in 'add_element' executed in 0.020448 seconds
2026-05-10 14:07:22,230 - timing_logger - INFO - Function 'read_stru' in 'add_element' executed in 0.005290 seconds
2026-05-10 14:07:29,714 - timing_logger - INFO - Function 'read_file' in 'add_element' executed in 7.483366 seconds
2026-05-10 14:07:40,477 - timing_logger - INFO - Function 'read_file' in 'add_element' executed in 10.762829 seconds
2026-05-10 14:07:52,542 - timing_logger - INFO - Function 'add_matrxi_element' in 'add_element' executed in 30.316608 seconds
2026-05-10 14:07:53,131 - timing_logger - INFO - Function 'generate_kline' in 'plot_band' executed in 0.588727 seconds
2026-05-10 14:11:39,961 - timing_logger - INFO - Function 'cal_band' in 'plot_band' executed in 227.418615 seconds
2026-05-10 14:11:40,310 - timing_logger - INFO - Function 'read_stru' in 'output_hs_data' executed in 0.003868 seconds
2026-05-10 14:12:07,321 - timing_logger - INFO - Function 'get_hs_data' in 'output_hs_data' executed in 27.011291 seconds
2026-05-10 14:12:07,325 - timing_logger - INFO - Function 'read_stru' in 'add_element' executed in 0.002732 seconds
2026-05-10 14:12:07,332 - timing_logger - INFO - Function 'read_stru' in 'add_element' executed in 0.007496 seconds
2026-05-10 14:12:14,709 - timing_logger - INFO - Function 'read_file' in 'add_element' executed in 7.376313 seconds
2026-05-10 14:12:25,861 - timing_logger - INFO - Function 'read_file' in 'add_element' executed in 11.151687 seconds
2026-05-10 14:12:37,920 - timing_logger - INFO - Function 'add_matrxi_element' in 'add_element' executed in 30.595327 seconds
2026-05-10 14:12:37,927 - timing_logger - INFO - Function 'generate_kline' in 'plot_band' executed in 0.006856 seconds
2026-05-10 14:16:24,539 - timing_logger - INFO - Function 'cal_band' in 'plot_band' executed in 226.618841 seconds
