2026-01-29 17:46:53,255 - logger.py:50 - Namespace(output_dir='/your_path/NextHAM/res', model_name='graph_attention_transformer_nonlinear_materials_ham_soc', input_irreps='64x0e', radius=8.0, num_basis=64, epochs=100, batch_size=1, eval_batch_size=1, drop_path=0.0, opt='adam', opt_eps=1e-08, opt_betas=None, clip_grad=None, momentum=0.9, weight_decay=0.0, sched='cosine', lr=3e-05, lr_noise=None, lr_noise_pct=0.0, lr_noise_std=0.0, warmup_lr=1e-06, warmup_epochs=5, decay_epochs=0, decay_rate=1.0, min_lr=1e-05, cooldown_epochs=0, patience_epochs=0, print_freq=100, target='hamiltonian', target_blocks_type='all', no_parity=False, convert_net_out=False, data_path='datasets/md17', weakdata_path='datasets/md17', data_ratio=0.1, train_ratio=0.8, val_ratio=0.1, test_ratio=0.1, is_accurate_label=True, with_trace=True, trace_out_len=81, select_stru_id=-1, start_layer=0, compute_stats=False, test_interval=10000, test_max_iter=1000, seed=1, workers=0, pin_mem=True, checkpoint_path1='/your_path/NextHAM/pretrained_models/model_range0_best.pth.tar', checkpoint_path2='/your_path/NextHAM/pretrained_models/model_range1_best.pth.tar', checkpoint_path3='/your_path/NextHAM/pretrained_models/model_range2_best.pth.tar', checkpoint_path4='/your_path/NextHAM/pretrained_models/model_range3_best.pth.tar', evaluate=False)
2026-01-29 17:55:39,092 - logger.py:50 - Number of params: 50353144
2026-01-29 17:55:39,285 - logger.py:50 - 
2026-01-29 17:55:39,285 - logger.py:50 - Training set size:   12000
2026-01-29 17:55:39,285 - logger.py:50 - Validation set size: 2000
2026-01-29 17:55:39,285 - logger.py:50 - Testing set size:    3000

2026-01-29 17:56:02,273 - logger.py:50 - Epoch: [0][0/12000] 	loss_ham: 0.001364263, loss_trace: 0.024872715, ham_MAE: 0.001325894,  baseline_ham_MAE: 0.003438896, trace_MAE: 0.025923481
2026-01-29 18:07:35,289 - logger.py:50 - Epoch: [0][100/12000] 	loss_ham: 0.001452414, loss_trace: 0.038489427, ham_MAE: 0.001389180,  baseline_ham_MAE: 0.003032947, trace_MAE: 0.039025269
2026-01-29 18:17:00,654 - logger.py:50 - Epoch: [0][200/12000] 	loss_ham: 0.001465705, loss_trace: 0.039080328, ham_MAE: 0.001405242,  baseline_ham_MAE: 0.002979326, trace_MAE: 0.039686319
2026-01-29 18:26:39,511 - logger.py:50 - Epoch: [0][300/12000] 	loss_ham: 0.001427019, loss_trace: 0.038955428, ham_MAE: 0.001367721,  baseline_ham_MAE: 0.002808705, trace_MAE: 0.039593779
2026-01-29 18:36:44,754 - logger.py:50 - Epoch: [0][400/12000] 	loss_ham: 0.001423629, loss_trace: 0.039015156, ham_MAE: 0.001365831,  baseline_ham_MAE: 0.002784443, trace_MAE: 0.039670538
2026-01-29 18:46:59,315 - logger.py:50 - Epoch: [0][500/12000] 	loss_ham: 0.001404893, loss_trace: 0.038233516, ham_MAE: 0.001347564,  baseline_ham_MAE: 0.002797115, trace_MAE: 0.038892448
2026-01-29 18:56:44,336 - logger.py:50 - Epoch: [0][600/12000] 	loss_ham: 0.001415136, loss_trace: 0.038568951, ham_MAE: 0.001357026,  baseline_ham_MAE: 0.002832963, trace_MAE: 0.039200928
2026-01-29 19:06:51,515 - logger.py:50 - Epoch: [0][700/12000] 	loss_ham: 0.001414031, loss_trace: 0.037894400, ham_MAE: 0.001355717,  baseline_ham_MAE: 0.002859294, trace_MAE: 0.038532207
2026-01-29 19:17:02,988 - logger.py:50 - Epoch: [0][800/12000] 	loss_ham: 0.001406806, loss_trace: 0.037849025, ham_MAE: 0.001349211,  baseline_ham_MAE: 0.002845195, trace_MAE: 0.038513633
2026-01-29 19:26:34,308 - logger.py:50 - Epoch: [0][900/12000] 	loss_ham: 0.001411125, loss_trace: 0.037821072, ham_MAE: 0.001353871,  baseline_ham_MAE: 0.002839128, trace_MAE: 0.038509459
2026-01-29 19:36:32,617 - logger.py:50 - Epoch: [0][1000/12000] 	loss_ham: 0.001407621, loss_trace: 0.038014830, ham_MAE: 0.001350481,  baseline_ham_MAE: 0.002837783, trace_MAE: 0.038706357
2026-01-29 19:46:54,030 - logger.py:50 - Epoch: [0][1100/12000] 	loss_ham: 0.001409340, loss_trace: 0.037925570, ham_MAE: 0.001351808,  baseline_ham_MAE: 0.002838526, trace_MAE: 0.038632438
2026-01-29 19:56:56,452 - logger.py:50 - Epoch: [0][1200/12000] 	loss_ham: 0.001411541, loss_trace: 0.037868823, ham_MAE: 0.001354006,  baseline_ham_MAE: 0.002842629, trace_MAE: 0.038604969
2026-01-29 20:06:31,593 - logger.py:50 - Epoch: [0][1300/12000] 	loss_ham: 0.001412242, loss_trace: 0.037884326, ham_MAE: 0.001354769,  baseline_ham_MAE: 0.002854611, trace_MAE: 0.038606013
2026-01-29 20:16:27,233 - logger.py:50 - Epoch: [0][1400/12000] 	loss_ham: 0.001408802, loss_trace: 0.037776309, ham_MAE: 0.001351133,  baseline_ham_MAE: 0.002848380, trace_MAE: 0.038489591
2026-01-29 20:26:25,545 - logger.py:50 - Epoch: [0][1500/12000] 	loss_ham: 0.001411292, loss_trace: 0.037928929, ham_MAE: 0.001353597,  baseline_ham_MAE: 0.002850951, trace_MAE: 0.038650465
2026-01-29 20:35:55,815 - logger.py:50 - Epoch: [0][1600/12000] 	loss_ham: 0.001413079, loss_trace: 0.037981954, ham_MAE: 0.001355387,  baseline_ham_MAE: 0.002853911, trace_MAE: 0.038708593
2026-01-29 20:45:17,430 - logger.py:50 - Epoch: [0][1700/12000] 	loss_ham: 0.001417281, loss_trace: 0.037959812, ham_MAE: 0.001359664,  baseline_ham_MAE: 0.002864963, trace_MAE: 0.038674298
2026-01-29 20:54:30,895 - logger.py:50 - Epoch: [0][1800/12000] 	loss_ham: 0.001418665, loss_trace: 0.037993248, ham_MAE: 0.001360897,  baseline_ham_MAE: 0.002873893, trace_MAE: 0.038713705
2026-01-29 21:04:00,668 - logger.py:50 - Epoch: [0][1900/12000] 	loss_ham: 0.001415622, loss_trace: 0.037970963, ham_MAE: 0.001357755,  baseline_ham_MAE: 0.002865505, trace_MAE: 0.038677380
2026-01-29 21:13:32,386 - logger.py:50 - Epoch: [0][2000/12000] 	loss_ham: 0.001418095, loss_trace: 0.037922502, ham_MAE: 0.001360756,  baseline_ham_MAE: 0.002865667, trace_MAE: 0.038632289
2026-01-29 21:22:50,058 - logger.py:50 - Epoch: [0][2100/12000] 	loss_ham: 0.001420693, loss_trace: 0.038115558, ham_MAE: 0.001363616,  baseline_ham_MAE: 0.002867385, trace_MAE: 0.038837102
2026-01-29 21:31:39,323 - logger.py:50 - Epoch: [0][2200/12000] 	loss_ham: 0.001420232, loss_trace: 0.038185382, ham_MAE: 0.001363234,  baseline_ham_MAE: 0.002867099, trace_MAE: 0.038909399
2026-01-29 21:40:57,241 - logger.py:50 - Epoch: [0][2300/12000] 	loss_ham: 0.001421064, loss_trace: 0.038043638, ham_MAE: 0.001363754,  baseline_ham_MAE: 0.002867197, trace_MAE: 0.038761978
2026-01-29 21:49:49,856 - logger.py:50 - Epoch: [0][2400/12000] 	loss_ham: 0.001421606, loss_trace: 0.038139070, ham_MAE: 0.001364219,  baseline_ham_MAE: 0.002873481, trace_MAE: 0.038861557
2026-01-29 21:58:34,144 - logger.py:50 - Epoch: [0][2500/12000] 	loss_ham: 0.001424016, loss_trace: 0.038180812, ham_MAE: 0.001366487,  baseline_ham_MAE: 0.002870392, trace_MAE: 0.038904331
2026-01-29 22:07:34,197 - logger.py:50 - Epoch: [0][2600/12000] 	loss_ham: 0.001424588, loss_trace: 0.038187737, ham_MAE: 0.001366954,  baseline_ham_MAE: 0.002868008, trace_MAE: 0.038908422
2026-01-29 22:16:16,938 - logger.py:50 - Epoch: [0][2700/12000] 	loss_ham: 0.001423604, loss_trace: 0.038198606, ham_MAE: 0.001365970,  baseline_ham_MAE: 0.002874008, trace_MAE: 0.038913851
2026-01-29 22:24:47,472 - logger.py:50 - Epoch: [0][2800/12000] 	loss_ham: 0.001424543, loss_trace: 0.038187254, ham_MAE: 0.001367160,  baseline_ham_MAE: 0.002870687, trace_MAE: 0.038906432
2026-01-29 22:33:37,638 - logger.py:50 - Epoch: [0][2900/12000] 	loss_ham: 0.001424002, loss_trace: 0.038217747, ham_MAE: 0.001366944,  baseline_ham_MAE: 0.002868002, trace_MAE: 0.038934917
2026-01-29 22:42:24,763 - logger.py:50 - Epoch: [0][3000/12000] 	loss_ham: 0.001425529, loss_trace: 0.038219160, ham_MAE: 0.001368312,  baseline_ham_MAE: 0.002870731, trace_MAE: 0.038938668
2026-01-29 22:51:41,116 - logger.py:50 - Epoch: [0][3100/12000] 	loss_ham: 0.001423308, loss_trace: 0.038106966, ham_MAE: 0.001366140,  baseline_ham_MAE: 0.002874671, trace_MAE: 0.038825153
2026-01-29 23:00:47,198 - logger.py:50 - Epoch: [0][3200/12000] 	loss_ham: 0.001424713, loss_trace: 0.038122273, ham_MAE: 0.001367514,  baseline_ham_MAE: 0.002872117, trace_MAE: 0.038839717
2026-01-29 23:09:36,457 - logger.py:50 - Epoch: [0][3300/12000] 	loss_ham: 0.001426743, loss_trace: 0.038182781, ham_MAE: 0.001369373,  baseline_ham_MAE: 0.002867842, trace_MAE: 0.038902964
2026-01-29 23:18:32,134 - logger.py:50 - Epoch: [0][3400/12000] 	loss_ham: 0.001425503, loss_trace: 0.038084386, ham_MAE: 0.001368080,  baseline_ham_MAE: 0.002873921, trace_MAE: 0.038801898
2026-01-29 23:27:34,294 - logger.py:50 - Epoch: [0][3500/12000] 	loss_ham: 0.001426890, loss_trace: 0.038124238, ham_MAE: 0.001369475,  baseline_ham_MAE: 0.002874814, trace_MAE: 0.038838163
2026-01-29 23:36:17,936 - logger.py:50 - Epoch: [0][3600/12000] 	loss_ham: 0.001427398, loss_trace: 0.038122836, ham_MAE: 0.001369822,  baseline_ham_MAE: 0.002877158, trace_MAE: 0.038836877
2026-01-29 23:45:06,885 - logger.py:50 - Epoch: [0][3700/12000] 	loss_ham: 0.001427647, loss_trace: 0.038214066, ham_MAE: 0.001370006,  baseline_ham_MAE: 0.002877271, trace_MAE: 0.038936338
2026-01-29 23:54:21,363 - logger.py:50 - Epoch: [0][3800/12000] 	loss_ham: 0.001429058, loss_trace: 0.038291399, ham_MAE: 0.001371469,  baseline_ham_MAE: 0.002882750, trace_MAE: 0.039010537
2026-01-30 00:02:51,230 - logger.py:50 - Epoch: [0][3900/12000] 	loss_ham: 0.001428608, loss_trace: 0.038257414, ham_MAE: 0.001370946,  baseline_ham_MAE: 0.002880133, trace_MAE: 0.038978249
2026-01-30 00:11:57,019 - logger.py:50 - Epoch: [0][4000/12000] 	loss_ham: 0.001430967, loss_trace: 0.038265311, ham_MAE: 0.001373230,  baseline_ham_MAE: 0.002887867, trace_MAE: 0.038990119
2026-01-30 00:20:43,177 - logger.py:50 - Epoch: [0][4100/12000] 	loss_ham: 0.001430716, loss_trace: 0.038319378, ham_MAE: 0.001372799,  baseline_ham_MAE: 0.002882173, trace_MAE: 0.039044581
2026-01-30 00:29:19,059 - logger.py:50 - Epoch: [0][4200/12000] 	loss_ham: 0.001431041, loss_trace: 0.038415718, ham_MAE: 0.001373112,  baseline_ham_MAE: 0.002884033, trace_MAE: 0.039140465
2026-01-30 00:37:49,533 - logger.py:50 - Epoch: [0][4300/12000] 	loss_ham: 0.001429523, loss_trace: 0.038391116, ham_MAE: 0.001371821,  baseline_ham_MAE: 0.002884748, trace_MAE: 0.039113916
2026-01-30 00:46:30,139 - logger.py:50 - Epoch: [0][4400/12000] 	loss_ham: 0.001428868, loss_trace: 0.038316666, ham_MAE: 0.001371242,  baseline_ham_MAE: 0.002884314, trace_MAE: 0.039043051
2026-01-30 00:55:07,849 - logger.py:50 - Epoch: [0][4500/12000] 	loss_ham: 0.001430648, loss_trace: 0.038437910, ham_MAE: 0.001372682,  baseline_ham_MAE: 0.002885726, trace_MAE: 0.039167448
2026-01-30 01:03:45,868 - logger.py:50 - Epoch: [0][4600/12000] 	loss_ham: 0.001433120, loss_trace: 0.038524181, ham_MAE: 0.001375114,  baseline_ham_MAE: 0.002888045, trace_MAE: 0.039255445
2026-01-30 01:12:50,522 - logger.py:50 - Epoch: [0][4700/12000] 	loss_ham: 0.001434228, loss_trace: 0.038513092, ham_MAE: 0.001376260,  baseline_ham_MAE: 0.002887108, trace_MAE: 0.039243485
2026-01-30 01:21:33,166 - logger.py:50 - Epoch: [0][4800/12000] 	loss_ham: 0.001436253, loss_trace: 0.038531439, ham_MAE: 0.001378070,  baseline_ham_MAE: 0.002891545, trace_MAE: 0.039257137
2026-01-30 01:30:20,004 - logger.py:50 - Epoch: [0][4900/12000] 	loss_ham: 0.001434235, loss_trace: 0.038544822, ham_MAE: 0.001376205,  baseline_ham_MAE: 0.002887836, trace_MAE: 0.039270496
2026-01-30 01:38:52,508 - logger.py:50 - Epoch: [0][5000/12000] 	loss_ham: 0.001433181, loss_trace: 0.038550367, ham_MAE: 0.001375198,  baseline_ham_MAE: 0.002886198, trace_MAE: 0.039276015
2026-01-30 01:47:39,547 - logger.py:50 - Epoch: [0][5100/12000] 	loss_ham: 0.001434170, loss_trace: 0.038630637, ham_MAE: 0.001376056,  baseline_ham_MAE: 0.002882876, trace_MAE: 0.039360760
2026-01-30 01:56:35,284 - logger.py:50 - Epoch: [0][5200/12000] 	loss_ham: 0.001433418, loss_trace: 0.038588971, ham_MAE: 0.001375318,  baseline_ham_MAE: 0.002883708, trace_MAE: 0.039316234
2026-01-30 02:05:23,823 - logger.py:50 - Epoch: [0][5300/12000] 	loss_ham: 0.001432791, loss_trace: 0.038632652, ham_MAE: 0.001374739,  baseline_ham_MAE: 0.002883783, trace_MAE: 0.039362400
2026-01-30 02:14:02,487 - logger.py:50 - Epoch: [0][5400/12000] 	loss_ham: 0.001431287, loss_trace: 0.038633990, ham_MAE: 0.001373395,  baseline_ham_MAE: 0.002879831, trace_MAE: 0.039364897
2026-01-30 02:23:01,754 - logger.py:50 - Epoch: [0][5500/12000] 	loss_ham: 0.001430923, loss_trace: 0.038622233, ham_MAE: 0.001373024,  baseline_ham_MAE: 0.002876656, trace_MAE: 0.039354696
2026-01-30 02:32:09,018 - logger.py:50 - Epoch: [0][5600/12000] 	loss_ham: 0.001432150, loss_trace: 0.038660434, ham_MAE: 0.001374134,  baseline_ham_MAE: 0.002880638, trace_MAE: 0.039390705
2026-01-30 02:40:58,292 - logger.py:50 - Epoch: [0][5700/12000] 	loss_ham: 0.001431957, loss_trace: 0.038692551, ham_MAE: 0.001374051,  baseline_ham_MAE: 0.002874976, trace_MAE: 0.039425599
2026-01-30 02:49:55,910 - logger.py:50 - Epoch: [0][5800/12000] 	loss_ham: 0.001431283, loss_trace: 0.038643494, ham_MAE: 0.001373331,  baseline_ham_MAE: 0.002879911, trace_MAE: 0.039373811
2026-01-30 02:58:40,334 - logger.py:50 - Epoch: [0][5900/12000] 	loss_ham: 0.001432663, loss_trace: 0.038693619, ham_MAE: 0.001374582,  baseline_ham_MAE: 0.002882488, trace_MAE: 0.039421087
2026-01-30 03:07:35,264 - logger.py:50 - Epoch: [0][6000/12000] 	loss_ham: 0.001433796, loss_trace: 0.038691440, ham_MAE: 0.001375674,  baseline_ham_MAE: 0.002882597, trace_MAE: 0.039419313
2026-01-30 03:16:22,619 - logger.py:50 - Epoch: [0][6100/12000] 	loss_ham: 0.001434412, loss_trace: 0.038678685, ham_MAE: 0.001376329,  baseline_ham_MAE: 0.002884839, trace_MAE: 0.039406730
2026-01-30 03:25:03,056 - logger.py:50 - Epoch: [0][6200/12000] 	loss_ham: 0.001436928, loss_trace: 0.038783321, ham_MAE: 0.001378795,  baseline_ham_MAE: 0.002884285, trace_MAE: 0.039512844
2026-01-30 03:33:22,471 - logger.py:50 - Epoch: [0][6300/12000] 	loss_ham: 0.001436087, loss_trace: 0.038769541, ham_MAE: 0.001378077,  baseline_ham_MAE: 0.002881830, trace_MAE: 0.039499499
2026-01-30 03:41:55,131 - logger.py:50 - Epoch: [0][6400/12000] 	loss_ham: 0.001435183, loss_trace: 0.038773365, ham_MAE: 0.001377243,  baseline_ham_MAE: 0.002880155, trace_MAE: 0.039505838
2026-01-30 03:50:41,525 - logger.py:50 - Epoch: [0][6500/12000] 	loss_ham: 0.001436179, loss_trace: 0.038761433, ham_MAE: 0.001378059,  baseline_ham_MAE: 0.002884708, trace_MAE: 0.039492495
2026-01-30 03:59:26,752 - logger.py:50 - Epoch: [0][6600/12000] 	loss_ham: 0.001436947, loss_trace: 0.038807286, ham_MAE: 0.001378732,  baseline_ham_MAE: 0.002886229, trace_MAE: 0.039537621
2026-01-30 04:08:16,659 - logger.py:50 - Epoch: [0][6700/12000] 	loss_ham: 0.001437293, loss_trace: 0.038824123, ham_MAE: 0.001379128,  baseline_ham_MAE: 0.002885148, trace_MAE: 0.039559126
2026-01-30 04:17:00,124 - logger.py:50 - Epoch: [0][6800/12000] 	loss_ham: 0.001436855, loss_trace: 0.038818709, ham_MAE: 0.001378672,  baseline_ham_MAE: 0.002885908, trace_MAE: 0.039553511
2026-01-30 04:25:53,599 - logger.py:50 - Epoch: [0][6900/12000] 	loss_ham: 0.001437611, loss_trace: 0.038858635, ham_MAE: 0.001379387,  baseline_ham_MAE: 0.002886236, trace_MAE: 0.039593104
2026-01-30 04:34:38,602 - logger.py:50 - Epoch: [0][7000/12000] 	loss_ham: 0.001439666, loss_trace: 0.038860341, ham_MAE: 0.001381367,  baseline_ham_MAE: 0.002886553, trace_MAE: 0.039595680
2026-01-30 04:43:23,957 - logger.py:50 - Epoch: [0][7100/12000] 	loss_ham: 0.001440413, loss_trace: 0.038845830, ham_MAE: 0.001382125,  baseline_ham_MAE: 0.002889036, trace_MAE: 0.039581069
2026-01-30 04:52:12,639 - logger.py:50 - Epoch: [0][7200/12000] 	loss_ham: 0.001440877, loss_trace: 0.038884001, ham_MAE: 0.001382571,  baseline_ham_MAE: 0.002888599, trace_MAE: 0.039618230
2026-01-30 05:00:44,776 - logger.py:50 - Epoch: [0][7300/12000] 	loss_ham: 0.001440794, loss_trace: 0.038902930, ham_MAE: 0.001382511,  baseline_ham_MAE: 0.002888914, trace_MAE: 0.039637351
2026-01-30 05:09:17,686 - logger.py:50 - Epoch: [0][7400/12000] 	loss_ham: 0.001443036, loss_trace: 0.038969952, ham_MAE: 0.001384539,  baseline_ham_MAE: 0.002891727, trace_MAE: 0.039704780
2026-01-30 05:17:52,682 - logger.py:50 - Epoch: [0][7500/12000] 	loss_ham: 0.001442308, loss_trace: 0.038954077, ham_MAE: 0.001383845,  baseline_ham_MAE: 0.002890097, trace_MAE: 0.039690311
2026-01-30 05:27:09,169 - logger.py:50 - Epoch: [0][7600/12000] 	loss_ham: 0.001442075, loss_trace: 0.038929301, ham_MAE: 0.001383573,  baseline_ham_MAE: 0.002891198, trace_MAE: 0.039663229
2026-01-30 05:35:58,699 - logger.py:50 - Epoch: [0][7700/12000] 	loss_ham: 0.001440640, loss_trace: 0.038941661, ham_MAE: 0.001382262,  baseline_ham_MAE: 0.002890776, trace_MAE: 0.039674536
2026-01-30 05:44:31,316 - logger.py:50 - Epoch: [0][7800/12000] 	loss_ham: 0.001440150, loss_trace: 0.038985945, ham_MAE: 0.001381869,  baseline_ham_MAE: 0.002888097, trace_MAE: 0.039718234
2026-01-30 05:53:31,130 - logger.py:50 - Epoch: [0][7900/12000] 	loss_ham: 0.001439155, loss_trace: 0.038940512, ham_MAE: 0.001380982,  baseline_ham_MAE: 0.002888150, trace_MAE: 0.039674254
2026-01-30 06:02:25,209 - logger.py:50 - Epoch: [0][8000/12000] 	loss_ham: 0.001438621, loss_trace: 0.038947042, ham_MAE: 0.001380422,  baseline_ham_MAE: 0.002886413, trace_MAE: 0.039680704
2026-01-30 06:11:36,225 - logger.py:50 - Epoch: [0][8100/12000] 	loss_ham: 0.001438036, loss_trace: 0.038928609, ham_MAE: 0.001379878,  baseline_ham_MAE: 0.002888424, trace_MAE: 0.039660015
2026-01-30 06:20:04,589 - logger.py:50 - Epoch: [0][8200/12000] 	loss_ham: 0.001438227, loss_trace: 0.038892503, ham_MAE: 0.001380035,  baseline_ham_MAE: 0.002890578, trace_MAE: 0.039621851
2026-01-30 06:29:01,024 - logger.py:50 - Epoch: [0][8300/12000] 	loss_ham: 0.001438050, loss_trace: 0.038928537, ham_MAE: 0.001379961,  baseline_ham_MAE: 0.002888142, trace_MAE: 0.039660351
2026-01-30 06:37:43,303 - logger.py:50 - Epoch: [0][8400/12000] 	loss_ham: 0.001437293, loss_trace: 0.038959989, ham_MAE: 0.001379114,  baseline_ham_MAE: 0.002886238, trace_MAE: 0.039689004
2026-01-30 06:46:40,845 - logger.py:50 - Epoch: [0][8500/12000] 	loss_ham: 0.001436971, loss_trace: 0.038945045, ham_MAE: 0.001378942,  baseline_ham_MAE: 0.002886371, trace_MAE: 0.039673091
2026-01-30 06:55:42,005 - logger.py:50 - Epoch: [0][8600/12000] 	loss_ham: 0.001437141, loss_trace: 0.038918348, ham_MAE: 0.001379040,  baseline_ham_MAE: 0.002888455, trace_MAE: 0.039644039
2026-01-30 07:04:43,227 - logger.py:50 - Epoch: [0][8700/12000] 	loss_ham: 0.001437683, loss_trace: 0.038942081, ham_MAE: 0.001379524,  baseline_ham_MAE: 0.002887148, trace_MAE: 0.039668032
2026-01-30 07:13:22,966 - logger.py:50 - Epoch: [0][8800/12000] 	loss_ham: 0.001437354, loss_trace: 0.038944592, ham_MAE: 0.001379275,  baseline_ham_MAE: 0.002885943, trace_MAE: 0.039670105
2026-01-30 07:21:53,333 - logger.py:50 - Epoch: [0][8900/12000] 	loss_ham: 0.001437108, loss_trace: 0.038960982, ham_MAE: 0.001379028,  baseline_ham_MAE: 0.002884532, trace_MAE: 0.039686317
2026-01-30 07:30:29,304 - logger.py:50 - Epoch: [0][9000/12000] 	loss_ham: 0.001437096, loss_trace: 0.038932521, ham_MAE: 0.001378944,  baseline_ham_MAE: 0.002884123, trace_MAE: 0.039658257
2026-01-30 07:39:01,027 - logger.py:50 - Epoch: [0][9100/12000] 	loss_ham: 0.001436061, loss_trace: 0.038879718, ham_MAE: 0.001377908,  baseline_ham_MAE: 0.002882821, trace_MAE: 0.039604358
2026-01-30 07:47:52,200 - logger.py:50 - Epoch: [0][9200/12000] 	loss_ham: 0.001435277, loss_trace: 0.038880409, ham_MAE: 0.001377181,  baseline_ham_MAE: 0.002881915, trace_MAE: 0.039607783
2026-01-30 07:56:32,343 - logger.py:50 - Epoch: [0][9300/12000] 	loss_ham: 0.001437053, loss_trace: 0.038941655, ham_MAE: 0.001378908,  baseline_ham_MAE: 0.002881575, trace_MAE: 0.039670449
2026-01-30 08:05:29,492 - logger.py:50 - Epoch: [0][9400/12000] 	loss_ham: 0.001437834, loss_trace: 0.038918610, ham_MAE: 0.001379716,  baseline_ham_MAE: 0.002884776, trace_MAE: 0.039645857
2026-01-30 08:14:09,024 - logger.py:50 - Epoch: [0][9500/12000] 	loss_ham: 0.001437638, loss_trace: 0.038914669, ham_MAE: 0.001379517,  baseline_ham_MAE: 0.002885393, trace_MAE: 0.039641244
2026-01-30 08:23:03,010 - logger.py:50 - Epoch: [0][9600/12000] 	loss_ham: 0.001438022, loss_trace: 0.038922738, ham_MAE: 0.001379900,  baseline_ham_MAE: 0.002885429, trace_MAE: 0.039649146
2026-01-30 08:31:56,856 - logger.py:50 - Epoch: [0][9700/12000] 	loss_ham: 0.001437942, loss_trace: 0.038905563, ham_MAE: 0.001379828,  baseline_ham_MAE: 0.002888207, trace_MAE: 0.039631021
2026-01-30 08:40:52,788 - logger.py:50 - Epoch: [0][9800/12000] 	loss_ham: 0.001437630, loss_trace: 0.038857510, ham_MAE: 0.001379510,  baseline_ham_MAE: 0.002890805, trace_MAE: 0.039580675
2026-01-30 08:49:39,807 - logger.py:50 - Epoch: [0][9900/12000] 	loss_ham: 0.001437918, loss_trace: 0.038865919, ham_MAE: 0.001379841,  baseline_ham_MAE: 0.002888879, trace_MAE: 0.039590185
2026-01-30 08:58:00,150 - logger.py:50 - Epoch: [0][10000/12000] 	loss_ham: 0.001437651, loss_trace: 0.038833376, ham_MAE: 0.001379470,  baseline_ham_MAE: 0.002891828, trace_MAE: 0.039555591
2026-01-30 09:06:53,158 - logger.py:50 - Epoch: [0][10100/12000] 	loss_ham: 0.001437754, loss_trace: 0.038805808, ham_MAE: 0.001379558,  baseline_ham_MAE: 0.002892743, trace_MAE: 0.039526722
2026-01-30 09:15:17,240 - logger.py:50 - Epoch: [0][10200/12000] 	loss_ham: 0.001437316, loss_trace: 0.038840735, ham_MAE: 0.001379116,  baseline_ham_MAE: 0.002891011, trace_MAE: 0.039562177
